Arguments: 
  /usr/local/bin/node /usr/local/Cellar/yarn/1.15.2/libexec/bin/yarn.js add @babel/cli @babel/preset-flow --dev

PATH: 
  /usr/local/Cellar/yarn/1.15.2/bin:/Library/Frameworks/Python.framework/Versions/3.6/bin:/Users/zimo/.npm-global/bin:/Library/Frameworks/Python.framework/Versions/3.6/bin:/usr/local/bin:/usr/bin:/bin:/usr/sbin:/sbin

Yarn version: 
  1.15.2

Node version: 
  10.10.0

Platform: 
  darwin x64

Trace: 
  SyntaxError: /Users/zimo/www/react-app/editor/babel-plugin/package.json: Unexpected token } in JSON at position 146
      at JSON.parse (<anonymous>)
      at /usr/local/Cellar/yarn/1.15.2/libexec/lib/cli.js:1625:59
      at Generator.next (<anonymous>)
      at step (/usr/local/Cellar/yarn/1.15.2/libexec/lib/cli.js:304:30)
      at /usr/local/Cellar/yarn/1.15.2/libexec/lib/cli.js:315:13

npm manifest: 
  {
    "name": "babel-plugin-scoped-local-module",
    "version": "1.0.0",
    "main": "lib/index.js",
    "devDependencies": {
  
    },
    "license": "MIT",
  
  }

yarn manifest: 
  No manifest

Lockfile: 
  # THIS IS AN AUTOGENERATED FILE. DO NOT EDIT THIS FILE DIRECTLY.
  # yarn lockfile v1
  
  
  "@babel/code-frame@^7.0.0":
    version "7.0.0"
    resolved "https://registry.npm.taobao.org/@babel/code-frame/download/@babel/code-frame-7.0.0.tgz?cache=0&other_urls=https%3A%2F%2Fregistry.npm.taobao.org%2F%40babel%2Fcode-frame%2Fdownload%2F%40babel%2Fcode-frame-7.0.0.tgz#06e2ab19bdb535385559aabb5ba59729482800f8"
    integrity sha1-BuKrGb21NThVWaq7W6WXKUgoAPg=
    dependencies:
      "@babel/highlight" "^7.0.0"
  
  "@babel/core@^7.4.5":
    version "7.4.5"
    resolved "https://registry.npm.taobao.org/@babel/core/download/@babel/core-7.4.5.tgz#081f97e8ffca65a9b4b0fdc7e274e703f000c06a"
    integrity sha1-CB+X6P/KZam0sP3H4nTnA/AAwGo=
    dependencies:
      "@babel/code-frame" "^7.0.0"
      "@babel/generator" "^7.4.4"
      "@babel/helpers" "^7.4.4"
      "@babel/parser" "^7.4.5"
      "@babel/template" "^7.4.4"
      "@babel/traverse" "^7.4.5"
      "@babel/types" "^7.4.4"
      convert-source-map "^1.1.0"
      debug "^4.1.0"
      json5 "^2.1.0"
      lodash "^4.17.11"
      resolve "^1.3.2"
      semver "^5.4.1"
      source-map "^0.5.0"
  
  "@babel/generator@^7.4.4":
    version "7.4.4"
    resolved "https://registry.npm.taobao.org/@babel/generator/download/@babel/generator-7.4.4.tgz#174a215eb843fc392c7edcaabeaa873de6e8f041"
    integrity sha1-F0ohXrhD/DksftyqvqqHPebo8EE=
    dependencies:
      "@babel/types" "^7.4.4"
      jsesc "^2.5.1"
      lodash "^4.17.11"
      source-map "^0.5.0"
      trim-right "^1.0.1"
  
  "@babel/helper-annotate-as-pure@^7.0.0":
    version "7.0.0"
    resolved "https://registry.npm.taobao.org/@babel/helper-annotate-as-pure/download/@babel/helper-annotate-as-pure-7.0.0.tgz#323d39dd0b50e10c7c06ca7d7638e6864d8c5c32"
    integrity sha1-Mj053QtQ4Qx8Bsp9djjmhk2MXDI=
    dependencies:
      "@babel/types" "^7.0.0"
  
  "@babel/helper-builder-binary-assignment-operator-visitor@^7.1.0":
    version "7.1.0"
    resolved "https://registry.npm.taobao.org/@babel/helper-builder-binary-assignment-operator-visitor/download/@babel/helper-builder-binary-assignment-operator-visitor-7.1.0.tgz#6b69628dfe4087798e0c4ed98e3d4a6b2fbd2f5f"
    integrity sha1-a2lijf5Ah3mODE7Zjj1Kay+9L18=
    dependencies:
      "@babel/helper-explode-assignable-expression" "^7.1.0"
      "@babel/types" "^7.0.0"
  
  "@babel/helper-call-delegate@^7.4.4":
    version "7.4.4"
    resolved "https://registry.npm.taobao.org/@babel/helper-call-delegate/download/@babel/helper-call-delegate-7.4.4.tgz#87c1f8ca19ad552a736a7a27b1c1fcf8b1ff1f43"
    integrity sha1-h8H4yhmtVSpzanonscH8+LH/H0M=
    dependencies:
      "@babel/helper-hoist-variables" "^7.4.4"
      "@babel/traverse" "^7.4.4"
      "@babel/types" "^7.4.4"
  
  "@babel/helper-define-map@^7.4.4":
    version "7.4.4"
    resolved "https://registry.npm.taobao.org/@babel/helper-define-map/download/@babel/helper-define-map-7.4.4.tgz#6969d1f570b46bdc900d1eba8e5d59c48ba2c12a"
    integrity sha1-aWnR9XC0a9yQDR66jl1ZxIuiwSo=
    dependencies:
      "@babel/helper-function-name" "^7.1.0"
      "@babel/types" "^7.4.4"
      lodash "^4.17.11"
  
  "@babel/helper-explode-assignable-expression@^7.1.0":
    version "7.1.0"
    resolved "https://registry.npm.taobao.org/@babel/helper-explode-assignable-expression/download/@babel/helper-explode-assignable-expression-7.1.0.tgz#537fa13f6f1674df745b0c00ec8fe4e99681c8f6"
    integrity sha1-U3+hP28WdN90WwwA7I/k6ZaByPY=
    dependencies:
      "@babel/traverse" "^7.1.0"
      "@babel/types" "^7.0.0"
  
  "@babel/helper-function-name@^7.1.0":
    version "7.1.0"
    resolved "https://registry.npm.taobao.org/@babel/helper-function-name/download/@babel/helper-function-name-7.1.0.tgz#a0ceb01685f73355d4360c1247f582bfafc8ff53"
    integrity sha1-oM6wFoX3M1XUNgwSR/WCv6/I/1M=
    dependencies:
      "@babel/helper-get-function-arity" "^7.0.0"
      "@babel/template" "^7.1.0"
      "@babel/types" "^7.0.0"
  
  "@babel/helper-get-function-arity@^7.0.0":
    version "7.0.0"
    resolved "https://registry.npm.taobao.org/@babel/helper-get-function-arity/download/@babel/helper-get-function-arity-7.0.0.tgz#83572d4320e2a4657263734113c42868b64e49c3"
    integrity sha1-g1ctQyDipGVyY3NBE8QoaLZOScM=
    dependencies:
      "@babel/types" "^7.0.0"
  
  "@babel/helper-hoist-variables@^7.4.4":
    version "7.4.4"
    resolved "https://registry.npm.taobao.org/@babel/helper-hoist-variables/download/@babel/helper-hoist-variables-7.4.4.tgz#0298b5f25c8c09c53102d52ac4a98f773eb2850a"
    integrity sha1-Api18lyMCcUxAtUqxKmPdz6yhQo=
    dependencies:
      "@babel/types" "^7.4.4"
  
  "@babel/helper-member-expression-to-functions@^7.0.0":
    version "7.0.0"
    resolved "https://registry.npm.taobao.org/@babel/helper-member-expression-to-functions/download/@babel/helper-member-expression-to-functions-7.0.0.tgz#8cd14b0a0df7ff00f009e7d7a436945f47c7a16f"
    integrity sha1-jNFLCg33/wDwCefXpDaUX0fHoW8=
    dependencies:
      "@babel/types" "^7.0.0"
  
  "@babel/helper-module-imports@^7.0.0":
    version "7.0.0"
    resolved "https://registry.npm.taobao.org/@babel/helper-module-imports/download/@babel/helper-module-imports-7.0.0.tgz#96081b7111e486da4d2cd971ad1a4fe216cc2e3d"
    integrity sha1-lggbcRHkhtpNLNlxrRpP4hbMLj0=
    dependencies:
      "@babel/types" "^7.0.0"
  
  "@babel/helper-module-transforms@^7.1.0", "@babel/helper-module-transforms@^7.4.4":
    version "7.4.4"
    resolved "https://registry.npm.taobao.org/@babel/helper-module-transforms/download/@babel/helper-module-transforms-7.4.4.tgz#96115ea42a2f139e619e98ed46df6019b94414b8"
    integrity sha1-lhFepCovE55hnpjtRt9gGblEFLg=
    dependencies:
      "@babel/helper-module-imports" "^7.0.0"
      "@babel/helper-simple-access" "^7.1.0"
      "@babel/helper-split-export-declaration" "^7.4.4"
      "@babel/template" "^7.4.4"
      "@babel/types" "^7.4.4"
      lodash "^4.17.11"
  
  "@babel/helper-optimise-call-expression@^7.0.0":
    version "7.0.0"
    resolved "https://registry.npm.taobao.org/@babel/helper-optimise-call-expression/download/@babel/helper-optimise-call-expression-7.0.0.tgz#a2920c5702b073c15de51106200aa8cad20497d5"
    integrity sha1-opIMVwKwc8Fd5REGIAqoytIEl9U=
    dependencies:
      "@babel/types" "^7.0.0"
  
  "@babel/helper-plugin-utils@^7.0.0":
    version "7.0.0"
    resolved "https://registry.npm.taobao.org/@babel/helper-plugin-utils/download/@babel/helper-plugin-utils-7.0.0.tgz#bbb3fbee98661c569034237cc03967ba99b4f250"
    integrity sha1-u7P77phmHFaQNCN8wDlnupm08lA=
  
  "@babel/helper-regex@^7.0.0", "@babel/helper-regex@^7.4.4":
    version "7.4.4"
    resolved "https://registry.npm.taobao.org/@babel/helper-regex/download/@babel/helper-regex-7.4.4.tgz#a47e02bc91fb259d2e6727c2a30013e3ac13c4a2"
    integrity sha1-pH4CvJH7JZ0uZyfCowAT46wTxKI=
    dependencies:
      lodash "^4.17.11"
  
  "@babel/helper-remap-async-to-generator@^7.1.0":
    version "7.1.0"
    resolved "https://registry.npm.taobao.org/@babel/helper-remap-async-to-generator/download/@babel/helper-remap-async-to-generator-7.1.0.tgz#361d80821b6f38da75bd3f0785ece20a88c5fe7f"
    integrity sha1-Nh2AghtvONp1vT8HheziCojF/n8=
    dependencies:
      "@babel/helper-annotate-as-pure" "^7.0.0"
      "@babel/helper-wrap-function" "^7.1.0"
      "@babel/template" "^7.1.0"
      "@babel/traverse" "^7.1.0"
      "@babel/types" "^7.0.0"
  
  "@babel/helper-replace-supers@^7.1.0", "@babel/helper-replace-supers@^7.4.4":
    version "7.4.4"
    resolved "https://registry.npm.taobao.org/@babel/helper-replace-supers/download/@babel/helper-replace-supers-7.4.4.tgz#aee41783ebe4f2d3ab3ae775e1cc6f1a90cefa27"
    integrity sha1-ruQXg+vk8tOrOud14cxvGpDO+ic=
    dependencies:
      "@babel/helper-member-expression-to-functions" "^7.0.0"
      "@babel/helper-optimise-call-expression" "^7.0.0"
      "@babel/traverse" "^7.4.4"
      "@babel/types" "^7.4.4"
  
  "@babel/helper-simple-access@^7.1.0":
    version "7.1.0"
    resolved "https://registry.npm.taobao.org/@babel/helper-simple-access/download/@babel/helper-simple-access-7.1.0.tgz#65eeb954c8c245beaa4e859da6188f39d71e585c"
    integrity sha1-Ze65VMjCRb6qToWdphiPOdceWFw=
    dependencies:
      "@babel/template" "^7.1.0"
      "@babel/types" "^7.0.0"
  
  "@babel/helper-split-export-declaration@^7.4.4":
    version "7.4.4"
    resolved "https://registry.npm.taobao.org/@babel/helper-split-export-declaration/download/@babel/helper-split-export-declaration-7.4.4.tgz#ff94894a340be78f53f06af038b205c49d993677"
    integrity sha1-/5SJSjQL549T8GrwOLIFxJ2ZNnc=
    dependencies:
      "@babel/types" "^7.4.4"
  
  "@babel/helper-wrap-function@^7.1.0":
    version "7.2.0"
    resolved "https://registry.npm.taobao.org/@babel/helper-wrap-function/download/@babel/helper-wrap-function-7.2.0.tgz#c4e0012445769e2815b55296ead43a958549f6fa"
    integrity sha1-xOABJEV2nigVtVKW6tQ6lYVJ9vo=
    dependencies:
      "@babel/helper-function-name" "^7.1.0"
      "@babel/template" "^7.1.0"
      "@babel/traverse" "^7.1.0"
      "@babel/types" "^7.2.0"
  
  "@babel/helpers@^7.4.4":
    version "7.4.4"
    resolved "https://registry.npm.taobao.org/@babel/helpers/download/@babel/helpers-7.4.4.tgz#868b0ef59c1dd4e78744562d5ce1b59c89f2f2a5"
    integrity sha1-hosO9Zwd1OeHRFYtXOG1nIny8qU=
    dependencies:
      "@babel/template" "^7.4.4"
      "@babel/traverse" "^7.4.4"
      "@babel/types" "^7.4.4"
  
  "@babel/highlight@^7.0.0":
    version "7.0.0"
    resolved "https://registry.npm.taobao.org/@babel/highlight/download/@babel/highlight-7.0.0.tgz#f710c38c8d458e6dd9a201afb637fcb781ce99e4"
    integrity sha1-9xDDjI1Fjm3ZogGvtjf8t4HOmeQ=
    dependencies:
      chalk "^2.0.0"
      esutils "^2.0.2"
      js-tokens "^4.0.0"
  
  "@babel/parser@^7.4.4", "@babel/parser@^7.4.5":
    version "7.4.5"
    resolved "https://registry.npm.taobao.org/@babel/parser/download/@babel/parser-7.4.5.tgz?cache=0&other_urls=https%3A%2F%2Fregistry.npm.taobao.org%2F%40babel%2Fparser%2Fdownload%2F%40babel%2Fparser-7.4.5.tgz#04af8d5d5a2b044a2a1bffacc1e5e6673544e872"
    integrity sha1-BK+NXVorBEoqG/+sweXmZzVE6HI=
  
  "@babel/plugin-proposal-async-generator-functions@^7.2.0":
    version "7.2.0"
    resolved "https://registry.npm.taobao.org/@babel/plugin-proposal-async-generator-functions/download/@babel/plugin-proposal-async-generator-functions-7.2.0.tgz#b289b306669dce4ad20b0252889a15768c9d417e"
    integrity sha1-somzBmadzkrSCwJSiJoVdoydQX4=
    dependencies:
      "@babel/helper-plugin-utils" "^7.0.0"
      "@babel/helper-remap-async-to-generator" "^7.1.0"
      "@babel/plugin-syntax-async-generators" "^7.2.0"
  
  "@babel/plugin-proposal-export-default-from@^7.2.0":
    version "7.2.0"
    resolved "https://registry.npm.taobao.org/@babel/plugin-proposal-export-default-from/download/@babel/plugin-proposal-export-default-from-7.2.0.tgz#737b0da44b9254b6152fe29bb99c64e5691f6f68"
    integrity sha1-c3sNpEuSVLYVL+KbuZxk5Wkfb2g=
    dependencies:
      "@babel/helper-plugin-utils" "^7.0.0"
      "@babel/plugin-syntax-export-default-from" "^7.2.0"
  
  "@babel/plugin-proposal-json-strings@^7.2.0":
    version "7.2.0"
    resolved "https://registry.npm.taobao.org/@babel/plugin-proposal-json-strings/download/@babel/plugin-proposal-json-strings-7.2.0.tgz#568ecc446c6148ae6b267f02551130891e29f317"
    integrity sha1-Vo7MRGxhSK5rJn8CVREwiR4p8xc=
    dependencies:
      "@babel/helper-plugin-utils" "^7.0.0"
      "@babel/plugin-syntax-json-strings" "^7.2.0"
  
  "@babel/plugin-proposal-object-rest-spread@^7.4.4":
    version "7.4.4"
    resolved "https://registry.npm.taobao.org/@babel/plugin-proposal-object-rest-spread/download/@babel/plugin-proposal-object-rest-spread-7.4.4.tgz#1ef173fcf24b3e2df92a678f027673b55e7e3005"
    integrity sha1-HvFz/PJLPi35KmePAnZztV5+MAU=
    dependencies:
      "@babel/helper-plugin-utils" "^7.0.0"
      "@babel/plugin-syntax-object-rest-spread" "^7.2.0"
  
  "@babel/plugin-proposal-optional-catch-binding@^7.2.0":
    version "7.2.0"
    resolved "https://registry.npm.taobao.org/@babel/plugin-proposal-optional-catch-binding/download/@babel/plugin-proposal-optional-catch-binding-7.2.0.tgz#135d81edb68a081e55e56ec48541ece8065c38f5"
    integrity sha1-E12B7baKCB5V5W7EhUHs6AZcOPU=
    dependencies:
      "@babel/helper-plugin-utils" "^7.0.0"
      "@babel/plugin-syntax-optional-catch-binding" "^7.2.0"
  
  "@babel/plugin-proposal-unicode-property-regex@^7.4.4":
    version "7.4.4"
    resolved "https://registry.npm.taobao.org/@babel/plugin-proposal-unicode-property-regex/download/@babel/plugin-proposal-unicode-property-regex-7.4.4.tgz#501ffd9826c0b91da22690720722ac7cb1ca9c78"
    integrity sha1-UB/9mCbAuR2iJpByByKsfLHKnHg=
    dependencies:
      "@babel/helper-plugin-utils" "^7.0.0"
      "@babel/helper-regex" "^7.4.4"
      regexpu-core "^4.5.4"
  
  "@babel/plugin-syntax-async-generators@^7.2.0":
    version "7.2.0"
    resolved "https://registry.npm.taobao.org/@babel/plugin-syntax-async-generators/download/@babel/plugin-syntax-async-generators-7.2.0.tgz#69e1f0db34c6f5a0cf7e2b3323bf159a76c8cb7f"
    integrity sha1-aeHw2zTG9aDPfiszI78VmnbIy38=
    dependencies:
      "@babel/helper-plugin-utils" "^7.0.0"
  
  "@babel/plugin-syntax-export-default-from@^7.2.0":
    version "7.2.0"
    resolved "https://registry.npm.taobao.org/@babel/plugin-syntax-export-default-from/download/@babel/plugin-syntax-export-default-from-7.2.0.tgz#edd83b7adc2e0d059e2467ca96c650ab6d2f3820"
    integrity sha1-7dg7etwuDQWeJGfKlsZQq20vOCA=
    dependencies:
      "@babel/helper-plugin-utils" "^7.0.0"
  
  "@babel/plugin-syntax-json-strings@^7.2.0":
    version "7.2.0"
    resolved "https://registry.npm.taobao.org/@babel/plugin-syntax-json-strings/download/@babel/plugin-syntax-json-strings-7.2.0.tgz#72bd13f6ffe1d25938129d2a186b11fd62951470"
    integrity sha1-cr0T9v/h0lk4Ep0qGGsR/WKVFHA=
    dependencies:
      "@babel/helper-plugin-utils" "^7.0.0"
  
  "@babel/plugin-syntax-object-rest-spread@^7.2.0":
    version "7.2.0"
    resolved "https://registry.npm.taobao.org/@babel/plugin-syntax-object-rest-spread/download/@babel/plugin-syntax-object-rest-spread-7.2.0.tgz#3b7a3e733510c57e820b9142a6579ac8b0dfad2e"
    integrity sha1-O3o+czUQxX6CC5FCpleayLDfrS4=
    dependencies:
      "@babel/helper-plugin-utils" "^7.0.0"
  
  "@babel/plugin-syntax-optional-catch-binding@^7.2.0":
    version "7.2.0"
    resolved "https://registry.npm.taobao.org/@babel/plugin-syntax-optional-catch-binding/download/@babel/plugin-syntax-optional-catch-binding-7.2.0.tgz#a94013d6eda8908dfe6a477e7f9eda85656ecf5c"
    integrity sha1-qUAT1u2okI3+akd+f57ahWVuz1w=
    dependencies:
      "@babel/helper-plugin-utils" "^7.0.0"
  
  "@babel/plugin-transform-arrow-functions@^7.2.0":
    version "7.2.0"
    resolved "https://registry.npm.taobao.org/@babel/plugin-transform-arrow-functions/download/@babel/plugin-transform-arrow-functions-7.2.0.tgz#9aeafbe4d6ffc6563bf8f8372091628f00779550"
    integrity sha1-mur75Nb/xlY7+Pg3IJFijwB3lVA=
    dependencies:
      "@babel/helper-plugin-utils" "^7.0.0"
  
  "@babel/plugin-transform-async-to-generator@^7.4.4":
    version "7.4.4"
    resolved "https://registry.npm.taobao.org/@babel/plugin-transform-async-to-generator/download/@babel/plugin-transform-async-to-generator-7.4.4.tgz#a3f1d01f2f21cadab20b33a82133116f14fb5894"
    integrity sha1-o/HQHy8hytqyCzOoITMRbxT7WJQ=
    dependencies:
      "@babel/helper-module-imports" "^7.0.0"
      "@babel/helper-plugin-utils" "^7.0.0"
      "@babel/helper-remap-async-to-generator" "^7.1.0"
  
  "@babel/plugin-transform-block-scoped-functions@^7.2.0":
    version "7.2.0"
    resolved "https://registry.npm.taobao.org/@babel/plugin-transform-block-scoped-functions/download/@babel/plugin-transform-block-scoped-functions-7.2.0.tgz#5d3cc11e8d5ddd752aa64c9148d0db6cb79fd190"
    integrity sha1-XTzBHo1d3XUqpkyRSNDbbLef0ZA=
    dependencies:
      "@babel/helper-plugin-utils" "^7.0.0"
  
  "@babel/plugin-transform-block-scoping@^7.4.4":
    version "7.4.4"
    resolved "https://registry.npm.taobao.org/@babel/plugin-transform-block-scoping/download/@babel/plugin-transform-block-scoping-7.4.4.tgz#c13279fabf6b916661531841a23c4b7dae29646d"
    integrity sha1-wTJ5+r9rkWZhUxhBojxLfa4pZG0=
    dependencies:
      "@babel/helper-plugin-utils" "^7.0.0"
      lodash "^4.17.11"
  
  "@babel/plugin-transform-classes@^7.4.4":
    version "7.4.4"
    resolved "https://registry.npm.taobao.org/@babel/plugin-transform-classes/download/@babel/plugin-transform-classes-7.4.4.tgz#0ce4094cdafd709721076d3b9c38ad31ca715eb6"
    integrity sha1-DOQJTNr9cJchB207nDitMcpxXrY=
    dependencies:
      "@babel/helper-annotate-as-pure" "^7.0.0"
      "@babel/helper-define-map" "^7.4.4"
      "@babel/helper-function-name" "^7.1.0"
      "@babel/helper-optimise-call-expression" "^7.0.0"
      "@babel/helper-plugin-utils" "^7.0.0"
      "@babel/helper-replace-supers" "^7.4.4"
      "@babel/helper-split-export-declaration" "^7.4.4"
      globals "^11.1.0"
  
  "@babel/plugin-transform-computed-properties@^7.2.0":
    version "7.2.0"
    resolved "https://registry.npm.taobao.org/@babel/plugin-transform-computed-properties/download/@babel/plugin-transform-computed-properties-7.2.0.tgz#83a7df6a658865b1c8f641d510c6f3af220216da"
    integrity sha1-g6ffamWIZbHI9kHVEMbzryICFto=
    dependencies:
      "@babel/helper-plugin-utils" "^7.0.0"
  
  "@babel/plugin-transform-destructuring@^7.4.4":
    version "7.4.4"
    resolved "https://registry.npm.taobao.org/@babel/plugin-transform-destructuring/download/@babel/plugin-transform-destructuring-7.4.4.tgz#9d964717829cc9e4b601fc82a26a71a4d8faf20f"
    integrity sha1-nZZHF4KcyeS2AfyCompxpNj68g8=
    dependencies:
      "@babel/helper-plugin-utils" "^7.0.0"
  
  "@babel/plugin-transform-dotall-regex@^7.4.4":
    version "7.4.4"
    resolved "https://registry.npm.taobao.org/@babel/plugin-transform-dotall-regex/download/@babel/plugin-transform-dotall-regex-7.4.4.tgz#361a148bc951444312c69446d76ed1ea8e4450c3"
    integrity sha1-NhoUi8lRREMSxpRG127R6o5EUMM=
    dependencies:
      "@babel/helper-plugin-utils" "^7.0.0"
      "@babel/helper-regex" "^7.4.4"
      regexpu-core "^4.5.4"
  
  "@babel/plugin-transform-duplicate-keys@^7.2.0":
    version "7.2.0"
    resolved "https://registry.npm.taobao.org/@babel/plugin-transform-duplicate-keys/download/@babel/plugin-transform-duplicate-keys-7.2.0.tgz#d952c4930f312a4dbfff18f0b2914e60c35530b3"
    integrity sha1-2VLEkw8xKk2//xjwspFOYMNVMLM=
    dependencies:
      "@babel/helper-plugin-utils" "^7.0.0"
  
  "@babel/plugin-transform-exponentiation-operator@^7.2.0":
    version "7.2.0"
    resolved "https://registry.npm.taobao.org/@babel/plugin-transform-exponentiation-operator/download/@babel/plugin-transform-exponentiation-operator-7.2.0.tgz#a63868289e5b4007f7054d46491af51435766008"
    integrity sha1-pjhoKJ5bQAf3BU1GSRr1FDV2YAg=
    dependencies:
      "@babel/helper-builder-binary-assignment-operator-visitor" "^7.1.0"
      "@babel/helper-plugin-utils" "^7.0.0"
  
  "@babel/plugin-transform-for-of@^7.4.4":
    version "7.4.4"
    resolved "https://registry.npm.taobao.org/@babel/plugin-transform-for-of/download/@babel/plugin-transform-for-of-7.4.4.tgz#0267fc735e24c808ba173866c6c4d1440fc3c556"
    integrity sha1-Amf8c14kyAi6FzhmxsTRRA/DxVY=
    dependencies:
      "@babel/helper-plugin-utils" "^7.0.0"
  
  "@babel/plugin-transform-function-name@^7.4.4":
    version "7.4.4"
    resolved "https://registry.npm.taobao.org/@babel/plugin-transform-function-name/download/@babel/plugin-transform-function-name-7.4.4.tgz#e1436116abb0610c2259094848754ac5230922ad"
    integrity sha1-4UNhFquwYQwiWQlISHVKxSMJIq0=
    dependencies:
      "@babel/helper-function-name" "^7.1.0"
      "@babel/helper-plugin-utils" "^7.0.0"
  
  "@babel/plugin-transform-literals@^7.2.0":
    version "7.2.0"
    resolved "https://registry.npm.taobao.org/@babel/plugin-transform-literals/download/@babel/plugin-transform-literals-7.2.0.tgz#690353e81f9267dad4fd8cfd77eafa86aba53ea1"
    integrity sha1-aQNT6B+SZ9rU/Yz9d+r6hqulPqE=
    dependencies:
      "@babel/helper-plugin-utils" "^7.0.0"
  
  "@babel/plugin-transform-member-expression-literals@^7.2.0":
    version "7.2.0"
    resolved "https://registry.npm.taobao.org/@babel/plugin-transform-member-expression-literals/download/@babel/plugin-transform-member-expression-literals-7.2.0.tgz#fa10aa5c58a2cb6afcf2c9ffa8cb4d8b3d489a2d"
    integrity sha1-+hCqXFiiy2r88sn/qMtNiz1Imi0=
    dependencies:
      "@babel/helper-plugin-utils" "^7.0.0"
  
  "@babel/plugin-transform-modules-amd@^7.2.0":
    version "7.2.0"
    resolved "https://registry.npm.taobao.org/@babel/plugin-transform-modules-amd/download/@babel/plugin-transform-modules-amd-7.2.0.tgz#82a9bce45b95441f617a24011dc89d12da7f4ee6"
    integrity sha1-gqm85FuVRB9heiQBHcidEtp/TuY=
    dependencies:
      "@babel/helper-module-transforms" "^7.1.0"
      "@babel/helper-plugin-utils" "^7.0.0"
  
  "@babel/plugin-transform-modules-commonjs@^7.4.4":
    version "7.4.4"
    resolved "https://registry.npm.taobao.org/@babel/plugin-transform-modules-commonjs/download/@babel/plugin-transform-modules-commonjs-7.4.4.tgz#0bef4713d30f1d78c2e59b3d6db40e60192cac1e"
    integrity sha1-C+9HE9MPHXjC5Zs9bbQOYBksrB4=
    dependencies:
      "@babel/helper-module-transforms" "^7.4.4"
      "@babel/helper-plugin-utils" "^7.0.0"
      "@babel/helper-simple-access" "^7.1.0"
  
  "@babel/plugin-transform-modules-systemjs@^7.4.4":
    version "7.4.4"
    resolved "https://registry.npm.taobao.org/@babel/plugin-transform-modules-systemjs/download/@babel/plugin-transform-modules-systemjs-7.4.4.tgz#dc83c5665b07d6c2a7b224c00ac63659ea36a405"
    integrity sha1-3IPFZlsH1sKnsiTACsY2Weo2pAU=
    dependencies:
      "@babel/helper-hoist-variables" "^7.4.4"
      "@babel/helper-plugin-utils" "^7.0.0"
  
  "@babel/plugin-transform-modules-umd@^7.2.0":
    version "7.2.0"
    resolved "https://registry.npm.taobao.org/@babel/plugin-transform-modules-umd/download/@babel/plugin-transform-modules-umd-7.2.0.tgz#7678ce75169f0877b8eb2235538c074268dd01ae"
    integrity sha1-dnjOdRafCHe46yI1U4wHQmjdAa4=
    dependencies:
      "@babel/helper-module-transforms" "^7.1.0"
      "@babel/helper-plugin-utils" "^7.0.0"
  
  "@babel/plugin-transform-named-capturing-groups-regex@^7.4.5":
    version "7.4.5"
    resolved "https://registry.npm.taobao.org/@babel/plugin-transform-named-capturing-groups-regex/download/@babel/plugin-transform-named-capturing-groups-regex-7.4.5.tgz#9d269fd28a370258199b4294736813a60bbdd106"
    integrity sha1-nSaf0oo3AlgZm0KUc2gTpgu90QY=
    dependencies:
      regexp-tree "^0.1.6"
  
  "@babel/plugin-transform-new-target@^7.4.4":
    version "7.4.4"
    resolved "https://registry.npm.taobao.org/@babel/plugin-transform-new-target/download/@babel/plugin-transform-new-target-7.4.4.tgz#18d120438b0cc9ee95a47f2c72bc9768fbed60a5"
    integrity sha1-GNEgQ4sMye6VpH8scryXaPvtYKU=
    dependencies:
      "@babel/helper-plugin-utils" "^7.0.0"
  
  "@babel/plugin-transform-object-super@^7.2.0":
    version "7.2.0"
    resolved "https://registry.npm.taobao.org/@babel/plugin-transform-object-super/download/@babel/plugin-transform-object-super-7.2.0.tgz#b35d4c10f56bab5d650047dad0f1d8e8814b6598"
    integrity sha1-s11MEPVrq11lAEfa0PHY6IFLZZg=
    dependencies:
      "@babel/helper-plugin-utils" "^7.0.0"
      "@babel/helper-replace-supers" "^7.1.0"
  
  "@babel/plugin-transform-parameters@^7.4.4":
    version "7.4.4"
    resolved "https://registry.npm.taobao.org/@babel/plugin-transform-parameters/download/@babel/plugin-transform-parameters-7.4.4.tgz#7556cf03f318bd2719fe4c922d2d808be5571e16"
    integrity sha1-dVbPA/MYvScZ/kySLS2Ai+VXHhY=
    dependencies:
      "@babel/helper-call-delegate" "^7.4.4"
      "@babel/helper-get-function-arity" "^7.0.0"
      "@babel/helper-plugin-utils" "^7.0.0"
  
  "@babel/plugin-transform-property-literals@^7.2.0":
    version "7.2.0"
    resolved "https://registry.npm.taobao.org/@babel/plugin-transform-property-literals/download/@babel/plugin-transform-property-literals-7.2.0.tgz#03e33f653f5b25c4eb572c98b9485055b389e905"
    integrity sha1-A+M/ZT9bJcTrVyyYuUhQVbOJ6QU=
    dependencies:
      "@babel/helper-plugin-utils" "^7.0.0"
  
  "@babel/plugin-transform-regenerator@^7.4.5":
    version "7.4.5"
    resolved "https://registry.npm.taobao.org/@babel/plugin-transform-regenerator/download/@babel/plugin-transform-regenerator-7.4.5.tgz#629dc82512c55cee01341fb27bdfcb210354680f"
    integrity sha1-Yp3IJRLFXO4BNB+ye9/LIQNUaA8=
    dependencies:
      regenerator-transform "^0.14.0"
  
  "@babel/plugin-transform-reserved-words@^7.2.0":
    version "7.2.0"
    resolved "https://registry.npm.taobao.org/@babel/plugin-transform-reserved-words/download/@babel/plugin-transform-reserved-words-7.2.0.tgz#4792af87c998a49367597d07fedf02636d2e1634"
    integrity sha1-R5Kvh8mYpJNnWX0H/t8CY20uFjQ=
    dependencies:
      "@babel/helper-plugin-utils" "^7.0.0"
  
  "@babel/plugin-transform-runtime@^7.4.4":
    version "7.4.4"
    resolved "https://registry.npm.taobao.org/@babel/plugin-transform-runtime/download/@babel/plugin-transform-runtime-7.4.4.tgz#a50f5d16e9c3a4ac18a1a9f9803c107c380bce08"
    integrity sha1-pQ9dFunDpKwYoan5gDwQfDgLzgg=
    dependencies:
      "@babel/helper-module-imports" "^7.0.0"
      "@babel/helper-plugin-utils" "^7.0.0"
      resolve "^1.8.1"
      semver "^5.5.1"
  
  "@babel/plugin-transform-shorthand-properties@^7.2.0":
    version "7.2.0"
    resolved "https://registry.npm.taobao.org/@babel/plugin-transform-shorthand-properties/download/@babel/plugin-transform-shorthand-properties-7.2.0.tgz#6333aee2f8d6ee7e28615457298934a3b46198f0"
    integrity sha1-YzOu4vjW7n4oYVRXKYk0o7RhmPA=
    dependencies:
      "@babel/helper-plugin-utils" "^7.0.0"
  
  "@babel/plugin-transform-spread@^7.2.0":
    version "7.2.2"
    resolved "https://registry.npm.taobao.org/@babel/plugin-transform-spread/download/@babel/plugin-transform-spread-7.2.2.tgz#3103a9abe22f742b6d406ecd3cd49b774919b406"
    integrity sha1-MQOpq+IvdCttQG7NPNSbd0kZtAY=
    dependencies:
      "@babel/helper-plugin-utils" "^7.0.0"
  
  "@babel/plugin-transform-sticky-regex@^7.2.0":
    version "7.2.0"
    resolved "https://registry.npm.taobao.org/@babel/plugin-transform-sticky-regex/download/@babel/plugin-transform-sticky-regex-7.2.0.tgz#a1e454b5995560a9c1e0d537dfc15061fd2687e1"
    integrity sha1-oeRUtZlVYKnB4NU338FQYf0mh+E=
    dependencies:
      "@babel/helper-plugin-utils" "^7.0.0"
      "@babel/helper-regex" "^7.0.0"
  
  "@babel/plugin-transform-template-literals@^7.4.4":
    version "7.4.4"
    resolved "https://registry.npm.taobao.org/@babel/plugin-transform-template-literals/download/@babel/plugin-transform-template-literals-7.4.4.tgz#9d28fea7bbce637fb7612a0750989d8321d4bcb0"
    integrity sha1-nSj+p7vOY3+3YSoHUJidgyHUvLA=
    dependencies:
      "@babel/helper-annotate-as-pure" "^7.0.0"
      "@babel/helper-plugin-utils" "^7.0.0"
  
  "@babel/plugin-transform-typeof-symbol@^7.2.0":
    version "7.2.0"
    resolved "https://registry.npm.taobao.org/@babel/plugin-transform-typeof-symbol/download/@babel/plugin-transform-typeof-symbol-7.2.0.tgz#117d2bcec2fbf64b4b59d1f9819894682d29f2b2"
    integrity sha1-EX0rzsL79ktLWdH5gZiUaC0p8rI=
    dependencies:
      "@babel/helper-plugin-utils" "^7.0.0"
  
  "@babel/plugin-transform-unicode-regex@^7.4.4":
    version "7.4.4"
    resolved "https://registry.npm.taobao.org/@babel/plugin-transform-unicode-regex/download/@babel/plugin-transform-unicode-regex-7.4.4.tgz#ab4634bb4f14d36728bf5978322b35587787970f"
    integrity sha1-q0Y0u08U02cov1l4Mis1WHeHlw8=
    dependencies:
      "@babel/helper-plugin-utils" "^7.0.0"
      "@babel/helper-regex" "^7.4.4"
      regexpu-core "^4.5.4"
  
  "@babel/polyfill@^7.4.4":
    version "7.4.4"
    resolved "https://registry.npm.taobao.org/@babel/polyfill/download/@babel/polyfill-7.4.4.tgz?cache=0&other_urls=https%3A%2F%2Fregistry.npm.taobao.org%2F%40babel%2Fpolyfill%2Fdownload%2F%40babel%2Fpolyfill-7.4.4.tgz#78801cf3dbe657844eeabf31c1cae3828051e893"
    integrity sha1-eIAc89vmV4RO6r8xwcrjgoBR6JM=
    dependencies:
      core-js "^2.6.5"
      regenerator-runtime "^0.13.2"
  
  "@babel/preset-env@^7.4.5":
    version "7.4.5"
    resolved "https://registry.npm.taobao.org/@babel/preset-env/download/@babel/preset-env-7.4.5.tgz#2fad7f62983d5af563b5f3139242755884998a58"
    integrity sha1-L61/Ypg9WvVjtfMTkkJ1WISZilg=
    dependencies:
      "@babel/helper-module-imports" "^7.0.0"
      "@babel/helper-plugin-utils" "^7.0.0"
      "@babel/plugin-proposal-async-generator-functions" "^7.2.0"
      "@babel/plugin-proposal-json-strings" "^7.2.0"
      "@babel/plugin-proposal-object-rest-spread" "^7.4.4"
      "@babel/plugin-proposal-optional-catch-binding" "^7.2.0"
      "@babel/plugin-proposal-unicode-property-regex" "^7.4.4"
      "@babel/plugin-syntax-async-generators" "^7.2.0"
      "@babel/plugin-syntax-json-strings" "^7.2.0"
      "@babel/plugin-syntax-object-rest-spread" "^7.2.0"
      "@babel/plugin-syntax-optional-catch-binding" "^7.2.0"
      "@babel/plugin-transform-arrow-functions" "^7.2.0"
      "@babel/plugin-transform-async-to-generator" "^7.4.4"
      "@babel/plugin-transform-block-scoped-functions" "^7.2.0"
      "@babel/plugin-transform-block-scoping" "^7.4.4"
      "@babel/plugin-transform-classes" "^7.4.4"
      "@babel/plugin-transform-computed-properties" "^7.2.0"
      "@babel/plugin-transform-destructuring" "^7.4.4"
      "@babel/plugin-transform-dotall-regex" "^7.4.4"
      "@babel/plugin-transform-duplicate-keys" "^7.2.0"
      "@babel/plugin-transform-exponentiation-operator" "^7.2.0"
      "@babel/plugin-transform-for-of" "^7.4.4"
      "@babel/plugin-transform-function-name" "^7.4.4"
      "@babel/plugin-transform-literals" "^7.2.0"
      "@babel/plugin-transform-member-expression-literals" "^7.2.0"
      "@babel/plugin-transform-modules-amd" "^7.2.0"
      "@babel/plugin-transform-modules-commonjs" "^7.4.4"
      "@babel/plugin-transform-modules-systemjs" "^7.4.4"
      "@babel/plugin-transform-modules-umd" "^7.2.0"
      "@babel/plugin-transform-named-capturing-groups-regex" "^7.4.5"
      "@babel/plugin-transform-new-target" "^7.4.4"
      "@babel/plugin-transform-object-super" "^7.2.0"
      "@babel/plugin-transform-parameters" "^7.4.4"
      "@babel/plugin-transform-property-literals" "^7.2.0"
      "@babel/plugin-transform-regenerator" "^7.4.5"
      "@babel/plugin-transform-reserved-words" "^7.2.0"
      "@babel/plugin-transform-shorthand-properties" "^7.2.0"
      "@babel/plugin-transform-spread" "^7.2.0"
      "@babel/plugin-transform-sticky-regex" "^7.2.0"
      "@babel/plugin-transform-template-literals" "^7.4.4"
      "@babel/plugin-transform-typeof-symbol" "^7.2.0"
      "@babel/plugin-transform-unicode-regex" "^7.4.4"
      "@babel/types" "^7.4.4"
      browserslist "^4.6.0"
      core-js-compat "^3.1.1"
      invariant "^2.2.2"
      js-levenshtein "^1.1.3"
      semver "^5.5.0"
  
  "@babel/runtime-corejs2@^7.4.5":
    version "7.4.5"
    resolved "https://registry.npm.taobao.org/@babel/runtime-corejs2/download/@babel/runtime-corejs2-7.4.5.tgz?cache=0&other_urls=https%3A%2F%2Fregistry.npm.taobao.org%2F%40babel%2Fruntime-corejs2%2Fdownload%2F%40babel%2Fruntime-corejs2-7.4.5.tgz#3d892f0560df21bafb384dd7727e33853e95d3c9"
    integrity sha1-PYkvBWDfIbr7OE3Xcn4zhT6V08k=
    dependencies:
      core-js "^2.6.5"
      regenerator-runtime "^0.13.2"
  
  "@babel/template@^7.1.0", "@babel/template@^7.4.4":
    version "7.4.4"
    resolved "https://registry.npm.taobao.org/@babel/template/download/@babel/template-7.4.4.tgz#f4b88d1225689a08f5bc3a17483545be9e4ed237"
    integrity sha1-9LiNEiVomgj1vDoXSDVFvp5O0jc=
    dependencies:
      "@babel/code-frame" "^7.0.0"
      "@babel/parser" "^7.4.4"
      "@babel/types" "^7.4.4"
  
  "@babel/traverse@^7.1.0", "@babel/traverse@^7.4.4", "@babel/traverse@^7.4.5":
    version "7.4.5"
    resolved "https://registry.npm.taobao.org/@babel/traverse/download/@babel/traverse-7.4.5.tgz#4e92d1728fd2f1897dafdd321efbff92156c3216"
    integrity sha1-TpLRco/S8Yl9r90yHvv/khVsMhY=
    dependencies:
      "@babel/code-frame" "^7.0.0"
      "@babel/generator" "^7.4.4"
      "@babel/helper-function-name" "^7.1.0"
      "@babel/helper-split-export-declaration" "^7.4.4"
      "@babel/parser" "^7.4.5"
      "@babel/types" "^7.4.4"
      debug "^4.1.0"
      globals "^11.1.0"
      lodash "^4.17.11"
  
  "@babel/types@^7.0.0", "@babel/types@^7.2.0", "@babel/types@^7.4.4":
    version "7.4.4"
    resolved "https://registry.npm.taobao.org/@babel/types/download/@babel/types-7.4.4.tgz#8db9e9a629bb7c29370009b4b779ed93fe57d5f0"
    integrity sha1-jbnppim7fCk3AAm0t3ntk/5X1fA=
    dependencies:
      esutils "^2.0.2"
      lodash "^4.17.11"
      to-fast-properties "^2.0.0"
  
  ansi-regex@^2.0.0:
    version "2.1.1"
    resolved "https://registry.npm.taobao.org/ansi-regex/download/ansi-regex-2.1.1.tgz#c3b33ab5ee360d86e0e628f0468ae7ef27d654df"
    integrity sha1-w7M6te42DYbg5ijwRorn7yfWVN8=
  
  ansi-styles@^2.2.1:
    version "2.2.1"
    resolved "https://registry.npm.taobao.org/ansi-styles/download/ansi-styles-2.2.1.tgz#b432dd3358b634cf75e1e4664368240533c1ddbe"
    integrity sha1-tDLdM1i2NM914eRmQ2gkBTPB3b4=
  
  ansi-styles@^3.2.1:
    version "3.2.1"
    resolved "https://registry.npm.taobao.org/ansi-styles/download/ansi-styles-3.2.1.tgz#41fbb20243e50b12be0f04b8dedbf07520ce841d"
    integrity sha1-QfuyAkPlCxK+DwS43tvwdSDOhB0=
    dependencies:
      color-convert "^1.9.0"
  
  babel-code-frame@^6.26.0:
    version "6.26.0"
    resolved "https://registry.npm.taobao.org/babel-code-frame/download/babel-code-frame-6.26.0.tgz#63fd43f7dc1e3bb7ce35947db8fe369a3f58c74b"
    integrity sha1-Y/1D99weO7fONZR9uP42mj9Yx0s=
    dependencies:
      chalk "^1.1.3"
      esutils "^2.0.2"
      js-tokens "^3.0.2"
  
  babel-core@^6.26.0, babel-core@^6.26.3:
    version "6.26.3"
    resolved "https://registry.npm.taobao.org/babel-core/download/babel-core-6.26.3.tgz#b2e2f09e342d0f0c88e2f02e067794125e75c207"
    integrity sha1-suLwnjQtDwyI4vAuBneUEl51wgc=
    dependencies:
      babel-code-frame "^6.26.0"
      babel-generator "^6.26.0"
      babel-helpers "^6.24.1"
      babel-messages "^6.23.0"
      babel-register "^6.26.0"
      babel-runtime "^6.26.0"
      babel-template "^6.26.0"
      babel-traverse "^6.26.0"
      babel-types "^6.26.0"
      babylon "^6.18.0"
      convert-source-map "^1.5.1"
      debug "^2.6.9"
      json5 "^0.5.1"
      lodash "^4.17.4"
      minimatch "^3.0.4"
      path-is-absolute "^1.0.1"
      private "^0.1.8"
      slash "^1.0.0"
      source-map "^0.5.7"
  
  babel-generator@^6.26.0:
    version "6.26.1"
    resolved "https://registry.npm.taobao.org/babel-generator/download/babel-generator-6.26.1.tgz#1844408d3b8f0d35a404ea7ac180f087a601bd90"
    integrity sha1-GERAjTuPDTWkBOp6wYDwh6YBvZA=
    dependencies:
      babel-messages "^6.23.0"
      babel-runtime "^6.26.0"
      babel-types "^6.26.0"
      detect-indent "^4.0.0"
      jsesc "^1.3.0"
      lodash "^4.17.4"
      source-map "^0.5.7"
      trim-right "^1.0.1"
  
  babel-helpers@^6.24.1:
    version "6.24.1"
    resolved "https://registry.npm.taobao.org/babel-helpers/download/babel-helpers-6.24.1.tgz#3471de9caec388e5c850e597e58a26ddf37602b2"
    integrity sha1-NHHenK7DiOXIUOWX5Yom3fN2ArI=
    dependencies:
      babel-runtime "^6.22.0"
      babel-template "^6.24.1"
  
  babel-messages@^6.23.0:
    version "6.23.0"
    resolved "https://registry.npm.taobao.org/babel-messages/download/babel-messages-6.23.0.tgz#f3cdf4703858035b2a2951c6ec5edf6c62f2630e"
    integrity sha1-8830cDhYA1sqKVHG7F7fbGLyYw4=
    dependencies:
      babel-runtime "^6.22.0"
  
  babel-register@^6.26.0:
    version "6.26.0"
    resolved "https://registry.npm.taobao.org/babel-register/download/babel-register-6.26.0.tgz#6ed021173e2fcb486d7acb45c6009a856f647071"
    integrity sha1-btAhFz4vy0htestFxgCahW9kcHE=
    dependencies:
      babel-core "^6.26.0"
      babel-runtime "^6.26.0"
      core-js "^2.5.0"
      home-or-tmp "^2.0.0"
      lodash "^4.17.4"
      mkdirp "^0.5.1"
      source-map-support "^0.4.15"
  
  babel-runtime@^6.22.0, babel-runtime@^6.26.0:
    version "6.26.0"
    resolved "https://registry.npm.taobao.org/babel-runtime/download/babel-runtime-6.26.0.tgz#965c7058668e82b55d7bfe04ff2337bc8b5647fe"
    integrity sha1-llxwWGaOgrVde/4E/yM3vItWR/4=
    dependencies:
      core-js "^2.4.0"
      regenerator-runtime "^0.11.0"
  
  babel-template@^6.24.1, babel-template@^6.26.0:
    version "6.26.0"
    resolved "https://registry.npm.taobao.org/babel-template/download/babel-template-6.26.0.tgz#de03e2d16396b069f46dd9fff8521fb1a0e35e02"
    integrity sha1-3gPi0WOWsGn0bdn/+FIfsaDjXgI=
    dependencies:
      babel-runtime "^6.26.0"
      babel-traverse "^6.26.0"
      babel-types "^6.26.0"
      babylon "^6.18.0"
      lodash "^4.17.4"
  
  babel-traverse@^6.26.0:
    version "6.26.0"
    resolved "https://registry.npm.taobao.org/babel-traverse/download/babel-traverse-6.26.0.tgz#46a9cbd7edcc62c8e5c064e2d2d8d0f4035766ee"
    integrity sha1-RqnL1+3MYsjlwGTi0tjQ9ANXZu4=
    dependencies:
      babel-code-frame "^6.26.0"
      babel-messages "^6.23.0"
      babel-runtime "^6.26.0"
      babel-types "^6.26.0"
      babylon "^6.18.0"
      debug "^2.6.8"
      globals "^9.18.0"
      invariant "^2.2.2"
      lodash "^4.17.4"
  
  babel-types@^6.26.0:
    version "6.26.0"
    resolved "https://registry.npm.taobao.org/babel-types/download/babel-types-6.26.0.tgz#a3b073f94ab49eb6fa55cd65227a334380632497"
    integrity sha1-o7Bz+Uq0nrb6Vc1lInozQ4BjJJc=
    dependencies:
      babel-runtime "^6.26.0"
      esutils "^2.0.2"
      lodash "^4.17.4"
      to-fast-properties "^1.0.3"
  
  babylon@^6.18.0:
    version "6.18.0"
    resolved "https://registry.npm.taobao.org/babylon/download/babylon-6.18.0.tgz#af2f3b88fa6f5c1e4c634d1a0f8eac4f55b395e3"
    integrity sha1-ry87iPpvXB5MY00aD46sT1WzleM=
  
  balanced-match@^1.0.0:
    version "1.0.0"
    resolved "https://registry.npm.taobao.org/balanced-match/download/balanced-match-1.0.0.tgz#89b4d199ab2bee49de164ea02b89ce462d71b767"
    integrity sha1-ibTRmasr7kneFk6gK4nORi1xt2c=
  
  brace-expansion@^1.1.7:
    version "1.1.11"
    resolved "https://registry.npm.taobao.org/brace-expansion/download/brace-expansion-1.1.11.tgz#3c7fcbf529d87226f3d2f52b966ff5271eb441dd"
    integrity sha1-PH/L9SnYcibz0vUrlm/1Jx60Qd0=
    dependencies:
      balanced-match "^1.0.0"
      concat-map "0.0.1"
  
  browserslist@^4.6.0:
    version "4.6.1"
    resolved "https://registry.npm.taobao.org/browserslist/download/browserslist-4.6.1.tgz?cache=0&other_urls=https%3A%2F%2Fregistry.npm.taobao.org%2Fbrowserslist%2Fdownload%2Fbrowserslist-4.6.1.tgz#ee5059b1aec18cbec9d055d6cb5e24ae50343a9b"
    integrity sha1-7lBZsa7BjL7J0FXWy14krlA0Ops=
    dependencies:
      caniuse-lite "^1.0.30000971"
      electron-to-chromium "^1.3.137"
      node-releases "^1.1.21"
  
  caniuse-lite@^1.0.30000971:
    version "1.0.30000971"
    resolved "https://registry.npm.taobao.org/caniuse-lite/download/caniuse-lite-1.0.30000971.tgz#d1000e4546486a6977756547352bc96a4cfd2b13"
    integrity sha1-0QAORUZIaml3dWVHNSvJakz9KxM=
  
  chalk@^1.1.3:
    version "1.1.3"
    resolved "https://registry.npm.taobao.org/chalk/download/chalk-1.1.3.tgz#a8115c55e4a702fe4d150abd3872822a7e09fc98"
    integrity sha1-qBFcVeSnAv5NFQq9OHKCKn4J/Jg=
    dependencies:
      ansi-styles "^2.2.1"
      escape-string-regexp "^1.0.2"
      has-ansi "^2.0.0"
      strip-ansi "^3.0.0"
      supports-color "^2.0.0"
  
  chalk@^2.0.0:
    version "2.4.2"
    resolved "https://registry.npm.taobao.org/chalk/download/chalk-2.4.2.tgz#cd42541677a54333cf541a49108c1432b44c9424"
    integrity sha1-zUJUFnelQzPPVBpJEIwUMrRMlCQ=
    dependencies:
      ansi-styles "^3.2.1"
      escape-string-regexp "^1.0.5"
      supports-color "^5.3.0"
  
  color-convert@^1.9.0:
    version "1.9.3"
    resolved "https://registry.npm.taobao.org/color-convert/download/color-convert-1.9.3.tgz#bb71850690e1f136567de629d2d5471deda4c1e8"
    integrity sha1-u3GFBpDh8TZWfeYp0tVHHe2kweg=
    dependencies:
      color-name "1.1.3"
  
  color-name@1.1.3:
    version "1.1.3"
    resolved "https://registry.npm.taobao.org/color-name/download/color-name-1.1.3.tgz#a7d0558bd89c42f795dd42328f740831ca53bc25"
    integrity sha1-p9BVi9icQveV3UIyj3QIMcpTvCU=
  
  concat-map@0.0.1:
    version "0.0.1"
    resolved "https://registry.npm.taobao.org/concat-map/download/concat-map-0.0.1.tgz#d8a96bd77fd68df7793a73036a3ba0d5405d477b"
    integrity sha1-2Klr13/Wjfd5OnMDajug1UBdR3s=
  
  convert-source-map@^1.1.0, convert-source-map@^1.5.1:
    version "1.6.0"
    resolved "https://registry.npm.taobao.org/convert-source-map/download/convert-source-map-1.6.0.tgz#51b537a8c43e0f04dec1993bffcdd504e758ac20"
    integrity sha1-UbU3qMQ+DwTewZk7/83VBOdYrCA=
    dependencies:
      safe-buffer "~5.1.1"
  
  core-js-compat@^3.1.1:
    version "3.1.3"
    resolved "https://registry.npm.taobao.org/core-js-compat/download/core-js-compat-3.1.3.tgz#0cc3ba4c7f62928c2837e1cffbe8dc78b4f1ae14"
    integrity sha1-DMO6TH9ikowoN+HP++jceLTxrhQ=
    dependencies:
      browserslist "^4.6.0"
      core-js-pure "3.1.3"
      semver "^6.1.0"
  
  core-js-pure@3.1.3:
    version "3.1.3"
    resolved "https://registry.npm.taobao.org/core-js-pure/download/core-js-pure-3.1.3.tgz?cache=0&other_urls=https%3A%2F%2Fregistry.npm.taobao.org%2Fcore-js-pure%2Fdownload%2Fcore-js-pure-3.1.3.tgz#4c90752d5b9471f641514f3728f51c1e0783d0b5"
    integrity sha1-TJB1LVuUcfZBUU83KPUcHgeD0LU=
  
  core-js@2, core-js@^2.4.0, core-js@^2.5.0, core-js@^2.6.5:
    version "2.6.9"
    resolved "https://registry.npm.taobao.org/core-js/download/core-js-2.6.9.tgz?cache=0&other_urls=https%3A%2F%2Fregistry.npm.taobao.org%2Fcore-js%2Fdownload%2Fcore-js-2.6.9.tgz#6b4b214620c834152e179323727fc19741b084f2"
    integrity sha1-a0shRiDINBUuF5Mjcn/Bl0GwhPI=
  
  debug@^2.6.8, debug@^2.6.9:
    version "2.6.9"
    resolved "https://registry.npm.taobao.org/debug/download/debug-2.6.9.tgz#5d128515df134ff327e90a4c93f4e077a536341f"
    integrity sha1-XRKFFd8TT/Mn6QpMk/Tgd6U2NB8=
    dependencies:
      ms "2.0.0"
  
  debug@^4.1.0:
    version "4.1.1"
    resolved "https://registry.npm.taobao.org/debug/download/debug-4.1.1.tgz#3b72260255109c6b589cee050f1d516139664791"
    integrity sha1-O3ImAlUQnGtYnO4FDx1RYTlmR5E=
    dependencies:
      ms "^2.1.1"
  
  detect-indent@^4.0.0:
    version "4.0.0"
    resolved "https://registry.npm.taobao.org/detect-indent/download/detect-indent-4.0.0.tgz#f76d064352cdf43a1cb6ce619c4ee3a9475de208"
    integrity sha1-920GQ1LN9Docts5hnE7jqUdd4gg=
    dependencies:
      repeating "^2.0.0"
  
  electron-to-chromium@^1.3.137:
    version "1.3.137"
    resolved "https://registry.npm.taobao.org/electron-to-chromium/download/electron-to-chromium-1.3.137.tgz#ba7c88024984c038a5c5c434529aabcea7b42944"
    integrity sha1-unyIAkmEwDilxcQ0Upqrzqe0KUQ=
  
  escape-string-regexp@^1.0.2, escape-string-regexp@^1.0.5:
    version "1.0.5"
    resolved "https://registry.npm.taobao.org/escape-string-regexp/download/escape-string-regexp-1.0.5.tgz#1b61c0562190a8dff6ae3bb2cf0200ca130b86d4"
    integrity sha1-G2HAViGQqN/2rjuyzwIAyhMLhtQ=
  
  esutils@^2.0.2:
    version "2.0.2"
    resolved "https://registry.npm.taobao.org/esutils/download/esutils-2.0.2.tgz#0abf4f1caa5bcb1f7a9d8acc6dea4faaa04bac9b"
    integrity sha1-Cr9PHKpbyx96nYrMbepPqqBLrJs=
  
  globals@^11.1.0:
    version "11.12.0"
    resolved "https://registry.npm.taobao.org/globals/download/globals-11.12.0.tgz#ab8795338868a0babd8525758018c2a7eb95c42e"
    integrity sha1-q4eVM4hooLq9hSV1gBjCp+uVxC4=
  
  globals@^9.18.0:
    version "9.18.0"
    resolved "https://registry.npm.taobao.org/globals/download/globals-9.18.0.tgz#aa3896b3e69b487f17e31ed2143d69a8e30c2d8a"
    integrity sha1-qjiWs+abSH8X4x7SFD1pqOMMLYo=
  
  has-ansi@^2.0.0:
    version "2.0.0"
    resolved "https://registry.npm.taobao.org/has-ansi/download/has-ansi-2.0.0.tgz#34f5049ce1ecdf2b0649af3ef24e45ed35416d91"
    integrity sha1-NPUEnOHs3ysGSa8+8k5F7TVBbZE=
    dependencies:
      ansi-regex "^2.0.0"
  
  has-flag@^3.0.0:
    version "3.0.0"
    resolved "https://registry.npm.taobao.org/has-flag/download/has-flag-3.0.0.tgz#b5d454dc2199ae225699f3467e5a07f3b955bafd"
    integrity sha1-tdRU3CGZriJWmfNGfloH87lVuv0=
  
  home-or-tmp@^2.0.0:
    version "2.0.0"
    resolved "https://registry.npm.taobao.org/home-or-tmp/download/home-or-tmp-2.0.0.tgz#e36c3f2d2cae7d746a857e38d18d5f32a7882db8"
    integrity sha1-42w/LSyufXRqhX440Y1fMqeILbg=
    dependencies:
      os-homedir "^1.0.0"
      os-tmpdir "^1.0.1"
  
  invariant@^2.2.2:
    version "2.2.4"
    resolved "https://registry.npm.taobao.org/invariant/download/invariant-2.2.4.tgz?cache=0&other_urls=https%3A%2F%2Fregistry.npm.taobao.org%2Finvariant%2Fdownload%2Finvariant-2.2.4.tgz#610f3c92c9359ce1db616e538008d23ff35158e6"
    integrity sha1-YQ88ksk1nOHbYW5TgAjSP/NRWOY=
    dependencies:
      loose-envify "^1.0.0"
  
  is-finite@^1.0.0:
    version "1.0.2"
    resolved "https://registry.npm.taobao.org/is-finite/download/is-finite-1.0.2.tgz#cc6677695602be550ef11e8b4aa6305342b6d0aa"
    integrity sha1-zGZ3aVYCvlUO8R6LSqYwU0K20Ko=
    dependencies:
      number-is-nan "^1.0.0"
  
  js-levenshtein@^1.1.3:
    version "1.1.6"
    resolved "https://registry.npm.taobao.org/js-levenshtein/download/js-levenshtein-1.1.6.tgz#c6cee58eb3550372df8deb85fad5ce66ce01d59d"
    integrity sha1-xs7ljrNVA3LfjeuF+tXOZs4B1Z0=
  
  "js-tokens@^3.0.0 || ^4.0.0", js-tokens@^4.0.0:
    version "4.0.0"
    resolved "https://registry.npm.taobao.org/js-tokens/download/js-tokens-4.0.0.tgz#19203fb59991df98e3a287050d4647cdeaf32499"
    integrity sha1-GSA/tZmR35jjoocFDUZHzerzJJk=
  
  js-tokens@^3.0.2:
    version "3.0.2"
    resolved "https://registry.npm.taobao.org/js-tokens/download/js-tokens-3.0.2.tgz#9866df395102130e38f7f996bceb65443209c25b"
    integrity sha1-mGbfOVECEw449/mWvOtlRDIJwls=
  
  jsesc@^1.3.0:
    version "1.3.0"
    resolved "https://registry.npm.taobao.org/jsesc/download/jsesc-1.3.0.tgz#46c3fec8c1892b12b0833db9bc7622176dbab34b"
    integrity sha1-RsP+yMGJKxKwgz25vHYiF226s0s=
  
  jsesc@^2.5.1:
    version "2.5.2"
    resolved "https://registry.npm.taobao.org/jsesc/download/jsesc-2.5.2.tgz#80564d2e483dacf6e8ef209650a67df3f0c283a4"
    integrity sha1-gFZNLkg9rPbo7yCWUKZ98/DCg6Q=
  
  jsesc@~0.5.0:
    version "0.5.0"
    resolved "https://registry.npm.taobao.org/jsesc/download/jsesc-0.5.0.tgz#e7dee66e35d6fc16f710fe91d5cf69f70f08911d"
    integrity sha1-597mbjXW/Bb3EP6R1c9p9w8IkR0=
  
  json5@^0.5.1:
    version "0.5.1"
    resolved "https://registry.npm.taobao.org/json5/download/json5-0.5.1.tgz#1eade7acc012034ad84e2396767ead9fa5495821"
    integrity sha1-Hq3nrMASA0rYTiOWdn6tn6VJWCE=
  
  json5@^2.1.0:
    version "2.1.0"
    resolved "https://registry.npm.taobao.org/json5/download/json5-2.1.0.tgz#e7a0c62c48285c628d20a10b85c89bb807c32850"
    integrity sha1-56DGLEgoXGKNIKELhcibuAfDKFA=
    dependencies:
      minimist "^1.2.0"
  
  lodash@^4.17.11, lodash@^4.17.4:
    version "4.17.11"
    resolved "https://registry.npm.taobao.org/lodash/download/lodash-4.17.11.tgz#b39ea6229ef607ecd89e2c8df12536891cac9b8d"
    integrity sha1-s56mIp72B+zYniyN8SU2iRysm40=
  
  loose-envify@^1.0.0:
    version "1.4.0"
    resolved "https://registry.npm.taobao.org/loose-envify/download/loose-envify-1.4.0.tgz#71ee51fa7be4caec1a63839f7e682d8132d30caf"
    integrity sha1-ce5R+nvkyuwaY4OffmgtgTLTDK8=
    dependencies:
      js-tokens "^3.0.0 || ^4.0.0"
  
  minimatch@^3.0.4:
    version "3.0.4"
    resolved "https://registry.npm.taobao.org/minimatch/download/minimatch-3.0.4.tgz#5166e286457f03306064be5497e8dbb0c3d32083"
    integrity sha1-UWbihkV/AzBgZL5Ul+jbsMPTIIM=
    dependencies:
      brace-expansion "^1.1.7"
  
  minimist@0.0.8:
    version "0.0.8"
    resolved "https://registry.npm.taobao.org/minimist/download/minimist-0.0.8.tgz#857fcabfc3397d2625b8228262e86aa7a011b05d"
    integrity sha1-hX/Kv8M5fSYluCKCYuhqp6ARsF0=
  
  minimist@^1.2.0:
    version "1.2.0"
    resolved "https://registry.npm.taobao.org/minimist/download/minimist-1.2.0.tgz#a35008b20f41383eec1fb914f4cd5df79a264284"
    integrity sha1-o1AIsg9BOD7sH7kU9M1d95omQoQ=
  
  mkdirp@^0.5.1:
    version "0.5.1"
    resolved "https://registry.npm.taobao.org/mkdirp/download/mkdirp-0.5.1.tgz#30057438eac6cf7f8c4767f38648d6697d75c903"
    integrity sha1-MAV0OOrGz3+MR2fzhkjWaX11yQM=
    dependencies:
      minimist "0.0.8"
  
  ms@2.0.0:
    version "2.0.0"
    resolved "https://registry.npm.taobao.org/ms/download/ms-2.0.0.tgz#5608aeadfc00be6c2901df5f9861788de0d597c8"
    integrity sha1-VgiurfwAvmwpAd9fmGF4jeDVl8g=
  
  ms@^2.1.1:
    version "2.1.1"
    resolved "https://registry.npm.taobao.org/ms/download/ms-2.1.1.tgz#30a5864eb3ebb0a66f2ebe6d727af06a09d86e0a"
    integrity sha1-MKWGTrPrsKZvLr5tcnrwagnYbgo=
  
  node-releases@^1.1.21:
    version "1.1.21"
    resolved "https://registry.npm.taobao.org/node-releases/download/node-releases-1.1.21.tgz#46c86f9adaceae4d63c75d3c2f2e6eee618e55f3"
    integrity sha1-RshvmtrOrk1jx108Ly5u7mGOVfM=
    dependencies:
      semver "^5.3.0"
  
  number-is-nan@^1.0.0:
    version "1.0.1"
    resolved "https://registry.npm.taobao.org/number-is-nan/download/number-is-nan-1.0.1.tgz#097b602b53422a522c1afb8790318336941a011d"
    integrity sha1-CXtgK1NCKlIsGvuHkDGDNpQaAR0=
  
  os-homedir@^1.0.0:
    version "1.0.2"
    resolved "https://registry.npm.taobao.org/os-homedir/download/os-homedir-1.0.2.tgz#ffbc4988336e0e833de0c168c7ef152121aa7fb3"
    integrity sha1-/7xJiDNuDoM94MFox+8VISGqf7M=
  
  os-tmpdir@^1.0.1:
    version "1.0.2"
    resolved "https://registry.npm.taobao.org/os-tmpdir/download/os-tmpdir-1.0.2.tgz#bbe67406c79aa85c5cfec766fe5734555dfa1274"
    integrity sha1-u+Z0BseaqFxc/sdm/lc0VV36EnQ=
  
  path-is-absolute@^1.0.1:
    version "1.0.1"
    resolved "https://registry.npm.taobao.org/path-is-absolute/download/path-is-absolute-1.0.1.tgz#174b9268735534ffbc7ace6bf53a5a9e1b5c5f5f"
    integrity sha1-F0uSaHNVNP+8es5r9TpanhtcX18=
  
  path-parse@^1.0.6:
    version "1.0.6"
    resolved "https://registry.npm.taobao.org/path-parse/download/path-parse-1.0.6.tgz#d62dbb5679405d72c4737ec58600e9ddcf06d24c"
    integrity sha1-1i27VnlAXXLEc37FhgDp3c8G0kw=
  
  private@^0.1.6, private@^0.1.8:
    version "0.1.8"
    resolved "https://registry.npm.taobao.org/private/download/private-0.1.8.tgz#2381edb3689f7a53d653190060fcf822d2f368ff"
    integrity sha1-I4Hts2ifelPWUxkAYPz4ItLzaP8=
  
  regenerate-unicode-properties@^8.0.2:
    version "8.1.0"
    resolved "https://registry.npm.taobao.org/regenerate-unicode-properties/download/regenerate-unicode-properties-8.1.0.tgz#ef51e0f0ea4ad424b77bf7cb41f3e015c70a3f0e"
    integrity sha1-71Hg8OpK1CS3e/fLQfPgFccKPw4=
    dependencies:
      regenerate "^1.4.0"
  
  regenerate@^1.4.0:
    version "1.4.0"
    resolved "https://registry.npm.taobao.org/regenerate/download/regenerate-1.4.0.tgz?cache=0&other_urls=https%3A%2F%2Fregistry.npm.taobao.org%2Fregenerate%2Fdownload%2Fregenerate-1.4.0.tgz#4a856ec4b56e4077c557589cae85e7a4c8869a11"
    integrity sha1-SoVuxLVuQHfFV1icroXnpMiGmhE=
  
  regenerator-runtime@^0.11.0:
    version "0.11.1"
    resolved "https://registry.npm.taobao.org/regenerator-runtime/download/regenerator-runtime-0.11.1.tgz?cache=0&other_urls=https%3A%2F%2Fregistry.npm.taobao.org%2Fregenerator-runtime%2Fdownload%2Fregenerator-runtime-0.11.1.tgz#be05ad7f9bf7d22e056f9726cee5017fbf19e2e9"
    integrity sha1-vgWtf5v30i4Fb5cmzuUBf78Z4uk=
  
  regenerator-runtime@^0.13.2:
    version "0.13.2"
    resolved "https://registry.npm.taobao.org/regenerator-runtime/download/regenerator-runtime-0.13.2.tgz?cache=0&other_urls=https%3A%2F%2Fregistry.npm.taobao.org%2Fregenerator-runtime%2Fdownload%2Fregenerator-runtime-0.13.2.tgz#32e59c9a6fb9b1a4aff09b4930ca2d4477343447"
    integrity sha1-MuWcmm+5saSv8JtJMMotRHc0NEc=
  
  regenerator-transform@^0.14.0:
    version "0.14.0"
    resolved "https://registry.npm.taobao.org/regenerator-transform/download/regenerator-transform-0.14.0.tgz#2ca9aaf7a2c239dd32e4761218425b8c7a86ecaf"
    integrity sha1-LKmq96LCOd0y5HYSGEJbjHqG7K8=
    dependencies:
      private "^0.1.6"
  
  regexp-tree@^0.1.6:
    version "0.1.10"
    resolved "https://registry.npm.taobao.org/regexp-tree/download/regexp-tree-0.1.10.tgz#d837816a039c7af8a8d64d7a7c3cf6a1d93450bc"
    integrity sha1-2DeBagOcevio1k16fDz2odk0ULw=
  
  regexpu-core@^4.5.4:
    version "4.5.4"
    resolved "https://registry.npm.taobao.org/regexpu-core/download/regexpu-core-4.5.4.tgz#080d9d02289aa87fe1667a4f5136bc98a6aebaae"
    integrity sha1-CA2dAiiaqH/hZnpPUTa8mKauuq4=
    dependencies:
      regenerate "^1.4.0"
      regenerate-unicode-properties "^8.0.2"
      regjsgen "^0.5.0"
      regjsparser "^0.6.0"
      unicode-match-property-ecmascript "^1.0.4"
      unicode-match-property-value-ecmascript "^1.1.0"
  
  regjsgen@^0.5.0:
    version "0.5.0"
    resolved "https://registry.npm.taobao.org/regjsgen/download/regjsgen-0.5.0.tgz#a7634dc08f89209c2049adda3525711fb97265dd"
    integrity sha1-p2NNwI+JIJwgSa3aNSVxH7lyZd0=
  
  regjsparser@^0.6.0:
    version "0.6.0"
    resolved "https://registry.npm.taobao.org/regjsparser/download/regjsparser-0.6.0.tgz#f1e6ae8b7da2bae96c99399b868cd6c933a2ba9c"
    integrity sha1-8eaui32iuulsmTmbhozWyTOiupw=
    dependencies:
      jsesc "~0.5.0"
  
  repeating@^2.0.0:
    version "2.0.1"
    resolved "https://registry.npm.taobao.org/repeating/download/repeating-2.0.1.tgz#5214c53a926d3552707527fbab415dbc08d06dda"
    integrity sha1-UhTFOpJtNVJwdSf7q0FdvAjQbdo=
    dependencies:
      is-finite "^1.0.0"
  
  resolve@^1.3.2, resolve@^1.8.1:
    version "1.11.0"
    resolved "https://registry.npm.taobao.org/resolve/download/resolve-1.11.0.tgz#4014870ba296176b86343d50b60f3b50609ce232"
    integrity sha1-QBSHC6KWF2uGND1Qtg87UGCc4jI=
    dependencies:
      path-parse "^1.0.6"
  
  safe-buffer@~5.1.1:
    version "5.1.2"
    resolved "https://registry.npm.taobao.org/safe-buffer/download/safe-buffer-5.1.2.tgz#991ec69d296e0313747d59bdfd2b745c35f8828d"
    integrity sha1-mR7GnSluAxN0fVm9/St0XDX4go0=
  
  semver@^5.3.0, semver@^5.4.1, semver@^5.5.0, semver@^5.5.1:
    version "5.7.0"
    resolved "https://registry.npm.taobao.org/semver/download/semver-5.7.0.tgz#790a7cf6fea5459bac96110b29b60412dc8ff96b"
    integrity sha1-eQp89v6lRZuslhELKbYEEtyP+Ws=
  
  semver@^6.1.0:
    version "6.1.1"
    resolved "https://registry.npm.taobao.org/semver/download/semver-6.1.1.tgz#53f53da9b30b2103cd4f15eab3a18ecbcb210c9b"
    integrity sha1-U/U9qbMLIQPNTxXqs6GOy8shDJs=
  
  slash@^1.0.0:
    version "1.0.0"
    resolved "https://registry.npm.taobao.org/slash/download/slash-1.0.0.tgz#c41f2f6c39fc16d1cd17ad4b5d896114ae470d55"
    integrity sha1-xB8vbDn8FtHNF61LXYlhFK5HDVU=
  
  source-map-support@^0.4.15:
    version "0.4.18"
    resolved "https://registry.npm.taobao.org/source-map-support/download/source-map-support-0.4.18.tgz?cache=0&other_urls=https%3A%2F%2Fregistry.npm.taobao.org%2Fsource-map-support%2Fdownload%2Fsource-map-support-0.4.18.tgz#0286a6de8be42641338594e97ccea75f0a2c585f"
    integrity sha1-Aoam3ovkJkEzhZTpfM6nXwosWF8=
    dependencies:
      source-map "^0.5.6"
  
  source-map@^0.5.0, source-map@^0.5.6, source-map@^0.5.7:
    version "0.5.7"
    resolved "https://registry.npm.taobao.org/source-map/download/source-map-0.5.7.tgz#8a039d2d1021d22d1ea14c80d8ea468ba2ef3fcc"
    integrity sha1-igOdLRAh0i0eoUyA2OpGi6LvP8w=
  
  strip-ansi@^3.0.0:
    version "3.0.1"
    resolved "https://registry.npm.taobao.org/strip-ansi/download/strip-ansi-3.0.1.tgz?cache=0&other_urls=https%3A%2F%2Fregistry.npm.taobao.org%2Fstrip-ansi%2Fdownload%2Fstrip-ansi-3.0.1.tgz#6a385fb8853d952d5ff05d0e8aaf94278dc63dcf"
    integrity sha1-ajhfuIU9lS1f8F0Oiq+UJ43GPc8=
    dependencies:
      ansi-regex "^2.0.0"
  
  supports-color@^2.0.0:
    version "2.0.0"
    resolved "https://registry.npm.taobao.org/supports-color/download/supports-color-2.0.0.tgz#535d045ce6b6363fa40117084629995e9df324c7"
    integrity sha1-U10EXOa2Nj+kARcIRimZXp3zJMc=
  
  supports-color@^5.3.0:
    version "5.5.0"
    resolved "https://registry.npm.taobao.org/supports-color/download/supports-color-5.5.0.tgz#e2e69a44ac8772f78a1ec0b35b689df6530efc8f"
    integrity sha1-4uaaRKyHcveKHsCzW2id9lMO/I8=
    dependencies:
      has-flag "^3.0.0"
  
  to-fast-properties@^1.0.3:
    version "1.0.3"
    resolved "https://registry.npm.taobao.org/to-fast-properties/download/to-fast-properties-1.0.3.tgz#b83571fa4d8c25b82e231b06e3a3055de4ca1a47"
    integrity sha1-uDVx+k2MJbguIxsG46MFXeTKGkc=
  
  to-fast-properties@^2.0.0:
    version "2.0.0"
    resolved "https://registry.npm.taobao.org/to-fast-properties/download/to-fast-properties-2.0.0.tgz#dc5e698cbd079265bc73e0377681a4e4e83f616e"
    integrity sha1-3F5pjL0HkmW8c+A3doGk5Og/YW4=
  
  trim-right@^1.0.1:
    version "1.0.1"
    resolved "https://registry.npm.taobao.org/trim-right/download/trim-right-1.0.1.tgz#cb2e1203067e0c8de1f614094b9fe45704ea6003"
    integrity sha1-yy4SAwZ+DI3h9hQJS5/kVwTqYAM=
  
  unicode-canonical-property-names-ecmascript@^1.0.4:
    version "1.0.4"
    resolved "https://registry.npm.taobao.org/unicode-canonical-property-names-ecmascript/download/unicode-canonical-property-names-ecmascript-1.0.4.tgz#2619800c4c825800efdd8343af7dd9933cbe2818"
    integrity sha1-JhmADEyCWADv3YNDr33Zkzy+KBg=
  
  unicode-match-property-ecmascript@^1.0.4:
    version "1.0.4"
    resolved "https://registry.npm.taobao.org/unicode-match-property-ecmascript/download/unicode-match-property-ecmascript-1.0.4.tgz#8ed2a32569961bce9227d09cd3ffbb8fed5f020c"
    integrity sha1-jtKjJWmWG86SJ9Cc0/+7j+1fAgw=
    dependencies:
      unicode-canonical-property-names-ecmascript "^1.0.4"
      unicode-property-aliases-ecmascript "^1.0.4"
  
  unicode-match-property-value-ecmascript@^1.1.0:
    version "1.1.0"
    resolved "https://registry.npm.taobao.org/unicode-match-property-value-ecmascript/download/unicode-match-property-value-ecmascript-1.1.0.tgz#5b4b426e08d13a80365e0d657ac7a6c1ec46a277"
    integrity sha1-W0tCbgjROoA2Xg1lesemwexGonc=
  
  unicode-property-aliases-ecmascript@^1.0.4:
    version "1.0.5"
    resolved "https://registry.npm.taobao.org/unicode-property-aliases-ecmascript/download/unicode-property-aliases-ecmascript-1.0.5.tgz#a9cc6cc7ce63a0a3023fc99e341b94431d405a57"
    integrity sha1-qcxsx85joKMCP8meNBuUQx1AWlc=
